<?xml version="1.0" encoding="UTF-8"?>
<coverage generated="1550149800728" clover="3.2.0">
  <project timestamp="1550149800728" name="All files">
    <metrics statements="43" coveredstatements="33" conditionals="8" coveredconditionals="3" methods="18" coveredmethods="16" elements="69" coveredelements="52" complexity="0" loc="43" ncloc="43" packages="3" files="5" classes="5">
      <package name="actions">
        <metrics statements="22" coveredstatements="12" conditionals="8" coveredconditionals="3" methods="10" coveredmethods="8"/>
        <file name="login.js" path="/Users/mulondomoses/Desktop/real/react-fast-food-fast/src/actions/login.js">
          <metrics statements="13" coveredstatements="6" conditionals="4" coveredconditionals="1" methods="6" coveredmethods="4"/>
          <line num="1" count="2" type="stmt"/>
          <line num="3" count="2" type="stmt"/>
          <line num="4" count="1" type="stmt"/>
          <line num="11" count="1" type="stmt"/>
          <line num="13" count="1" type="cond" truecount="1" falsecount="1"/>
          <line num="14" count="0" type="stmt"/>
          <line num="15" count="0" type="cond" truecount="0" falsecount="2"/>
          <line num="16" count="0" type="stmt"/>
          <line num="17" count="0" type="stmt"/>
          <line num="21" count="1" type="stmt"/>
          <line num="28" count="0" type="stmt"/>
          <line num="29" count="0" type="stmt"/>
          <line num="30" count="0" type="stmt"/>
        </file>
        <file name="signUpAction.js" path="/Users/mulondomoses/Desktop/real/react-fast-food-fast/src/actions/signUpAction.js">
          <metrics statements="9" coveredstatements="6" conditionals="4" coveredconditionals="2" methods="4" coveredmethods="4"/>
          <line num="4" count="2" type="stmt"/>
          <line num="6" count="2" type="stmt"/>
          <line num="7" count="1" type="stmt"/>
          <line num="14" count="1" type="stmt"/>
          <line num="16" count="1" type="cond" truecount="1" falsecount="1"/>
          <line num="17" count="0" type="stmt"/>
          <line num="18" count="0" type="stmt"/>
          <line num="21" count="1" type="cond" truecount="1" falsecount="1"/>
          <line num="22" count="0" type="stmt"/>
        </file>
      </package>
      <package name="components.auth">
        <metrics statements="20" coveredstatements="20" conditionals="0" coveredconditionals="0" methods="8" coveredmethods="8"/>
        <file name="Signup.js" path="/Users/mulondomoses/Desktop/real/react-fast-food-fast/src/components/auth/Signup.js">
          <metrics statements="10" coveredstatements="10" conditionals="0" coveredconditionals="0" methods="4" coveredmethods="4"/>
          <line num="10" count="2" type="stmt"/>
          <line num="11" count="2" type="stmt"/>
          <line num="17" count="2" type="stmt"/>
          <line num="18" count="2" type="stmt"/>
          <line num="22" count="1" type="stmt"/>
          <line num="27" count="1" type="stmt"/>
          <line num="28" count="1" type="stmt"/>
          <line num="34" count="1" type="stmt"/>
          <line num="40" count="3" type="stmt"/>
          <line num="92" count="3" type="stmt"/>
        </file>
        <file name="login.js" path="/Users/mulondomoses/Desktop/real/react-fast-food-fast/src/components/auth/login.js">
          <metrics statements="10" coveredstatements="10" conditionals="0" coveredconditionals="0" methods="4" coveredmethods="4"/>
          <line num="11" count="4" type="stmt"/>
          <line num="12" count="4" type="stmt"/>
          <line num="16" count="4" type="stmt"/>
          <line num="17" count="4" type="stmt"/>
          <line num="21" count="1" type="stmt"/>
          <line num="25" count="1" type="stmt"/>
          <line num="26" count="1" type="stmt"/>
          <line num="30" count="1" type="stmt"/>
          <line num="35" count="5" type="stmt"/>
          <line num="68" count="5" type="stmt"/>
        </file>
      </package>
      <package name="tests">
        <metrics statements="1" coveredstatements="1" conditionals="0" coveredconditionals="0" methods="0" coveredmethods="0"/>
        <file name="setupTests.js" path="/Users/mulondomoses/Desktop/real/react-fast-food-fast/src/tests/setupTests.js">
          <metrics statements="1" coveredstatements="1" conditionals="0" coveredconditionals="0" methods="0" coveredmethods="0"/>
          <line num="4" count="4" type="stmt"/>
        </file>
      </package>
    </metrics>
  </project>
</coverage>
