<?xml version="1.0" encoding="UTF-8"?>
<coverage generated="1550000613404" clover="3.2.0">
  <project timestamp="1550000613404" name="All files">
    <metrics statements="13" coveredstatements="13" conditionals="0" coveredconditionals="0" methods="5" coveredmethods="5" elements="18" coveredelements="18" complexity="0" loc="13" ncloc="13" packages="2" files="2" classes="2">
      <package name="actions">
        <metrics statements="3" coveredstatements="3" conditionals="0" coveredconditionals="0" methods="1" coveredmethods="1"/>
        <file name="signUpAction.js" path="/Users/mulondomoses/Desktop/real/react-fast-food-fast/src/actions/signUpAction.js">
          <metrics statements="3" coveredstatements="3" conditionals="0" coveredconditionals="0" methods="1" coveredmethods="1"/>
          <line num="1" count="1" type="stmt"/>
          <line num="3" count="1" type="stmt"/>
          <line num="4" count="1" type="stmt"/>
        </file>
      </package>
      <package name="components.auth">
        <metrics statements="10" coveredstatements="10" conditionals="0" coveredconditionals="0" methods="4" coveredmethods="4"/>
        <file name="Signup.js" path="/Users/mulondomoses/Desktop/real/react-fast-food-fast/src/components/auth/Signup.js">
          <metrics statements="10" coveredstatements="10" conditionals="0" coveredconditionals="0" methods="4" coveredmethods="4"/>
          <line num="10" count="2" type="stmt"/>
          <line num="11" count="2" type="stmt"/>
          <line num="17" count="2" type="stmt"/>
          <line num="18" count="2" type="stmt"/>
          <line num="22" count="1" type="stmt"/>
          <line num="27" count="1" type="stmt"/>
          <line num="28" count="1" type="stmt"/>
          <line num="35" count="1" type="stmt"/>
          <line num="42" count="3" type="stmt"/>
          <line num="94" count="3" type="stmt"/>
        </file>
      </package>
    </metrics>
  </project>
</coverage>
