{"/Users/mulondomoses/Desktop/real/react-fast-food-fast/src/actions/signUpAction.js": {"path":"/Users/mulondomoses/Desktop/real/react-fast-food-fast/src/actions/signUpAction.js","statementMap":{"0":{"start":{"line":1,"column":21},"end":{"line":1,"column":40}},"1":{"start":{"line":3,"column":22},"end":{"line":16,"column":1}},"2":{"start":{"line":4,"column":2},"end":{"line":4,"column":36}}},"fnMap":{"0":{"name":"(anonymous_0)","decl":{"start":{"line":3,"column":22},"end":{"line":3,"column":23}},"loc":{"start":{"line":3,"column":33},"end":{"line":16,"column":1}},"line":3}},"branchMap":{},"s":{"0":1,"1":1,"2":1},"f":{"0":1},"b":{},"_coverageSchema":"332fd63041d2c1bcb487cc26dd0d5f7d97098a6c","hash":"95999d412375fb84d377ec4b61f0c6f5eb9b6fad"}
,"/Users/mulondomoses/Desktop/real/react-fast-food-fast/src/components/auth/Signup.js": {"path":"/Users/mulondomoses/Desktop/real/react-fast-food-fast/src/components/auth/Signup.js","statementMap":{"0":{"start":{"line":10,"column":4},"end":{"line":10,"column":17}},"1":{"start":{"line":11,"column":4},"end":{"line":16,"column":6}},"2":{"start":{"line":17,"column":4},"end":{"line":17,"column":45}},"3":{"start":{"line":18,"column":4},"end":{"line":18,"column":45}},"4":{"start":{"line":22,"column":4},"end":{"line":22,"column":62}},"5":{"start":{"line":27,"column":4},"end":{"line":27,"column":23}},"6":{"start":{"line":28,"column":20},"end":{"line":33,"column":5}},"7":{"start":{"line":35,"column":4},"end":{"line":35,"column":20}},"8":{"start":{"line":42,"column":6},"end":{"line":91,"column":10}},"9":{"start":{"line":94,"column":4},"end":{"line":94,"column":64}}},"fnMap":{"0":{"name":"(anonymous_0)","decl":{"start":{"line":9,"column":2},"end":{"line":9,"column":3}},"loc":{"start":{"line":9,"column":21},"end":{"line":19,"column":3}},"line":9},"1":{"name":"(anonymous_1)","decl":{"start":{"line":21,"column":2},"end":{"line":21,"column":3}},"loc":{"start":{"line":21,"column":13},"end":{"line":23,"column":3}},"line":21},"2":{"name":"(anonymous_2)","decl":{"start":{"line":26,"column":2},"end":{"line":26,"column":3}},"loc":{"start":{"line":26,"column":14},"end":{"line":37,"column":3}},"line":26},"3":{"name":"(anonymous_3)","decl":{"start":{"line":40,"column":2},"end":{"line":40,"column":3}},"loc":{"start":{"line":40,"column":11},"end":{"line":95,"column":3}},"line":40}},"branchMap":{},"s":{"0":2,"1":2,"2":2,"3":2,"4":1,"5":1,"6":1,"7":1,"8":3,"9":3},"f":{"0":2,"1":1,"2":1,"3":3},"b":{},"_coverageSchema":"332fd63041d2c1bcb487cc26dd0d5f7d97098a6c","hash":"2624fb8286000e0da9a94492c9cee263bc1c1b92"}
}
