{"/Users/mulondomoses/Desktop/real/react-fast-food-fast/src/actions/login.js": {"path":"/Users/mulondomoses/Desktop/real/react-fast-food-fast/src/actions/login.js","statementMap":{"0":{"start":{"line":1,"column":21},"end":{"line":1,"column":40}},"1":{"start":{"line":3,"column":21},"end":{"line":25,"column":1}},"2":{"start":{"line":3,"column":44},"end":{"line":25,"column":1}},"3":{"start":{"line":4,"column":2},"end":{"line":24,"column":7}},"4":{"start":{"line":11,"column":17},"end":{"line":11,"column":27}},"5":{"start":{"line":13,"column":6},"end":{"line":23,"column":7}},"6":{"start":{"line":14,"column":8},"end":{"line":14,"column":36}},"7":{"start":{"line":15,"column":8},"end":{"line":18,"column":9}},"8":{"start":{"line":16,"column":10},"end":{"line":16,"column":32}},"9":{"start":{"line":17,"column":10},"end":{"line":17,"column":44}},"10":{"start":{"line":21,"column":8},"end":{"line":21,"column":33}},"11":{"start":{"line":28,"column":2},"end":{"line":31,"column":4}},"12":{"start":{"line":29,"column":4},"end":{"line":29,"column":41}},"13":{"start":{"line":30,"column":4},"end":{"line":30,"column":32}}},"fnMap":{"0":{"name":"(anonymous_0)","decl":{"start":{"line":3,"column":21},"end":{"line":3,"column":22}},"loc":{"start":{"line":3,"column":44},"end":{"line":25,"column":1}},"line":3},"1":{"name":"(anonymous_1)","decl":{"start":{"line":3,"column":44},"end":{"line":3,"column":45}},"loc":{"start":{"line":3,"column":56},"end":{"line":25,"column":1}},"line":3},"2":{"name":"(anonymous_2)","decl":{"start":{"line":11,"column":10},"end":{"line":11,"column":11}},"loc":{"start":{"line":11,"column":17},"end":{"line":11,"column":27}},"line":11},"3":{"name":"(anonymous_3)","decl":{"start":{"line":12,"column":10},"end":{"line":12,"column":11}},"loc":{"start":{"line":12,"column":26},"end":{"line":24,"column":5}},"line":12},"4":{"name":"logout","decl":{"start":{"line":27,"column":16},"end":{"line":27,"column":22}},"loc":{"start":{"line":27,"column":25},"end":{"line":32,"column":2}},"line":27},"5":{"name":"(anonymous_5)","decl":{"start":{"line":28,"column":9},"end":{"line":28,"column":10}},"loc":{"start":{"line":28,"column":28},"end":{"line":31,"column":3}},"line":28}},"branchMap":{"0":{"loc":{"start":{"line":13,"column":6},"end":{"line":23,"column":7}},"type":"if","locations":[{"start":{"line":13,"column":6},"end":{"line":23,"column":7}},{"start":{"line":13,"column":6},"end":{"line":23,"column":7}}],"line":13},"1":{"loc":{"start":{"line":15,"column":8},"end":{"line":18,"column":9}},"type":"if","locations":[{"start":{"line":15,"column":8},"end":{"line":18,"column":9}},{"start":{"line":15,"column":8},"end":{"line":18,"column":9}}],"line":15}},"s":{"0":2,"1":2,"2":1,"3":1,"4":1,"5":1,"6":0,"7":0,"8":0,"9":0,"10":1,"11":0,"12":0,"13":0},"f":{"0":1,"1":1,"2":1,"3":1,"4":0,"5":0},"b":{"0":[0,1],"1":[0,0]},"_coverageSchema":"332fd63041d2c1bcb487cc26dd0d5f7d97098a6c","hash":"bdcbdb5eab608302d1149f721c71dc891299a1d3"}
,"/Users/mulondomoses/Desktop/real/react-fast-food-fast/src/actions/signUpAction.js": {"path":"/Users/mulondomoses/Desktop/real/react-fast-food-fast/src/actions/signUpAction.js","statementMap":{"0":{"start":{"line":4,"column":21},"end":{"line":4,"column":40}},"1":{"start":{"line":6,"column":22},"end":{"line":25,"column":1}},"2":{"start":{"line":6,"column":45},"end":{"line":25,"column":1}},"3":{"start":{"line":7,"column":2},"end":{"line":24,"column":6}},"4":{"start":{"line":14,"column":17},"end":{"line":14,"column":27}},"5":{"start":{"line":16,"column":6},"end":{"line":23,"column":7}},"6":{"start":{"line":17,"column":8},"end":{"line":17,"column":64}},"7":{"start":{"line":18,"column":8},"end":{"line":18,"column":31}},"8":{"start":{"line":21,"column":12},"end":{"line":23,"column":7}},"9":{"start":{"line":22,"column":10},"end":{"line":22,"column":85}}},"fnMap":{"0":{"name":"(anonymous_0)","decl":{"start":{"line":6,"column":22},"end":{"line":6,"column":23}},"loc":{"start":{"line":6,"column":45},"end":{"line":25,"column":1}},"line":6},"1":{"name":"(anonymous_1)","decl":{"start":{"line":6,"column":45},"end":{"line":6,"column":46}},"loc":{"start":{"line":6,"column":57},"end":{"line":25,"column":1}},"line":6},"2":{"name":"(anonymous_2)","decl":{"start":{"line":14,"column":10},"end":{"line":14,"column":11}},"loc":{"start":{"line":14,"column":17},"end":{"line":14,"column":27}},"line":14},"3":{"name":"(anonymous_3)","decl":{"start":{"line":15,"column":11},"end":{"line":15,"column":12}},"loc":{"start":{"line":15,"column":27},"end":{"line":24,"column":5}},"line":15}},"branchMap":{"0":{"loc":{"start":{"line":16,"column":6},"end":{"line":23,"column":7}},"type":"if","locations":[{"start":{"line":16,"column":6},"end":{"line":23,"column":7}},{"start":{"line":16,"column":6},"end":{"line":23,"column":7}}],"line":16},"1":{"loc":{"start":{"line":21,"column":12},"end":{"line":23,"column":7}},"type":"if","locations":[{"start":{"line":21,"column":12},"end":{"line":23,"column":7}},{"start":{"line":21,"column":12},"end":{"line":23,"column":7}}],"line":21}},"s":{"0":2,"1":2,"2":1,"3":1,"4":1,"5":1,"6":0,"7":0,"8":1,"9":0},"f":{"0":1,"1":1,"2":1,"3":1},"b":{"0":[0,1],"1":[0,1]},"_coverageSchema":"332fd63041d2c1bcb487cc26dd0d5f7d97098a6c","hash":"e67fb3746363b656517f951f6b5486fc5fd95d27"}
,"/Users/mulondomoses/Desktop/real/react-fast-food-fast/src/components/auth/Signup.js": {"path":"/Users/mulondomoses/Desktop/real/react-fast-food-fast/src/components/auth/Signup.js","statementMap":{"0":{"start":{"line":10,"column":4},"end":{"line":10,"column":17}},"1":{"start":{"line":11,"column":4},"end":{"line":16,"column":6}},"2":{"start":{"line":17,"column":4},"end":{"line":17,"column":45}},"3":{"start":{"line":18,"column":4},"end":{"line":18,"column":45}},"4":{"start":{"line":22,"column":4},"end":{"line":22,"column":62}},"5":{"start":{"line":27,"column":4},"end":{"line":27,"column":23}},"6":{"start":{"line":28,"column":20},"end":{"line":33,"column":5}},"7":{"start":{"line":34,"column":4},"end":{"line":34,"column":51}},"8":{"start":{"line":40,"column":6},"end":{"line":89,"column":10}},"9":{"start":{"line":92,"column":4},"end":{"line":92,"column":64}}},"fnMap":{"0":{"name":"(anonymous_0)","decl":{"start":{"line":9,"column":2},"end":{"line":9,"column":3}},"loc":{"start":{"line":9,"column":21},"end":{"line":19,"column":3}},"line":9},"1":{"name":"(anonymous_1)","decl":{"start":{"line":21,"column":2},"end":{"line":21,"column":3}},"loc":{"start":{"line":21,"column":13},"end":{"line":23,"column":3}},"line":21},"2":{"name":"(anonymous_2)","decl":{"start":{"line":26,"column":2},"end":{"line":26,"column":3}},"loc":{"start":{"line":26,"column":14},"end":{"line":36,"column":3}},"line":26},"3":{"name":"(anonymous_3)","decl":{"start":{"line":38,"column":2},"end":{"line":38,"column":3}},"loc":{"start":{"line":38,"column":11},"end":{"line":93,"column":3}},"line":38}},"branchMap":{},"s":{"0":2,"1":2,"2":2,"3":2,"4":1,"5":1,"6":1,"7":1,"8":3,"9":3},"f":{"0":2,"1":1,"2":1,"3":3},"b":{},"_coverageSchema":"332fd63041d2c1bcb487cc26dd0d5f7d97098a6c","hash":"7af13faa5cbf4889d831147bdf14f2bffefe367d"}
,"/Users/mulondomoses/Desktop/real/react-fast-food-fast/src/components/auth/login.js": {"path":"/Users/mulondomoses/Desktop/real/react-fast-food-fast/src/components/auth/login.js","statementMap":{"0":{"start":{"line":11,"column":4},"end":{"line":11,"column":17}},"1":{"start":{"line":12,"column":4},"end":{"line":15,"column":6}},"2":{"start":{"line":16,"column":4},"end":{"line":16,"column":45}},"3":{"start":{"line":17,"column":4},"end":{"line":17,"column":45}},"4":{"start":{"line":21,"column":4},"end":{"line":21,"column":62}},"5":{"start":{"line":25,"column":4},"end":{"line":25,"column":23}},"6":{"start":{"line":26,"column":20},"end":{"line":29,"column":5}},"7":{"start":{"line":30,"column":4},"end":{"line":30,"column":50}},"8":{"start":{"line":35,"column":6},"end":{"line":65,"column":10}},"9":{"start":{"line":68,"column":4},"end":{"line":68,"column":64}}},"fnMap":{"0":{"name":"(anonymous_0)","decl":{"start":{"line":10,"column":2},"end":{"line":10,"column":3}},"loc":{"start":{"line":10,"column":21},"end":{"line":18,"column":3}},"line":10},"1":{"name":"(anonymous_1)","decl":{"start":{"line":20,"column":2},"end":{"line":20,"column":3}},"loc":{"start":{"line":20,"column":13},"end":{"line":22,"column":3}},"line":20},"2":{"name":"(anonymous_2)","decl":{"start":{"line":24,"column":2},"end":{"line":24,"column":3}},"loc":{"start":{"line":24,"column":14},"end":{"line":31,"column":3}},"line":24},"3":{"name":"(anonymous_3)","decl":{"start":{"line":33,"column":2},"end":{"line":33,"column":3}},"loc":{"start":{"line":33,"column":11},"end":{"line":69,"column":3}},"line":33}},"branchMap":{},"s":{"0":4,"1":4,"2":4,"3":4,"4":1,"5":1,"6":1,"7":1,"8":5,"9":5},"f":{"0":4,"1":1,"2":1,"3":5},"b":{},"_coverageSchema":"332fd63041d2c1bcb487cc26dd0d5f7d97098a6c","hash":"5b1bd660a0edb3323e95455dbe86171391e01d2c"}
,"/Users/mulondomoses/Desktop/real/react-fast-food-fast/src/tests/setupTests.js": {"path":"/Users/mulondomoses/Desktop/real/react-fast-food-fast/src/tests/setupTests.js","statementMap":{"0":{"start":{"line":4,"column":0},"end":{"line":4,"column":38}}},"fnMap":{},"branchMap":{},"s":{"0":4},"f":{},"b":{},"_coverageSchema":"332fd63041d2c1bcb487cc26dd0d5f7d97098a6c","hash":"77fc8813ddced4a9d399c89c528790e2cd5a5af6"}
}
