TN:
SF:/Users/mulondomoses/Desktop/real/react-fast-food-fast/src/actions/login.js
FN:3,(anonymous_0)
FN:3,(anonymous_1)
FN:11,(anonymous_2)
FN:12,(anonymous_3)
FN:27,logout
FN:28,(anonymous_5)
FNF:6
FNH:4
FNDA:1,(anonymous_0)
FNDA:1,(anonymous_1)
FNDA:1,(anonymous_2)
FNDA:1,(anonymous_3)
FNDA:0,logout
FNDA:0,(anonymous_5)
DA:1,2
DA:3,2
DA:4,1
DA:11,1
DA:13,1
DA:14,0
DA:15,0
DA:16,0
DA:17,0
DA:21,1
DA:28,0
DA:29,0
DA:30,0
LF:13
LH:6
BRDA:13,0,0,0
BRDA:13,0,1,1
BRDA:15,1,0,0
BRDA:15,1,1,0
BRF:4
BRH:1
end_of_record
TN:
SF:/Users/mulondomoses/Desktop/real/react-fast-food-fast/src/actions/signUpAction.js
FN:6,(anonymous_0)
FN:6,(anonymous_1)
FN:14,(anonymous_2)
FN:15,(anonymous_3)
FNF:4
FNH:4
FNDA:1,(anonymous_0)
FNDA:1,(anonymous_1)
FNDA:1,(anonymous_2)
FNDA:1,(anonymous_3)
DA:4,2
DA:6,2
DA:7,1
DA:14,1
DA:16,1
DA:17,0
DA:18,0
DA:21,1
DA:22,0
LF:9
LH:6
BRDA:16,0,0,0
BRDA:16,0,1,1
BRDA:21,1,0,0
BRDA:21,1,1,1
BRF:4
BRH:2
end_of_record
TN:
SF:/Users/mulondomoses/Desktop/real/react-fast-food-fast/src/components/auth/Signup.js
FN:9,(anonymous_0)
FN:21,(anonymous_1)
FN:26,(anonymous_2)
FN:38,(anonymous_3)
FNF:4
FNH:4
FNDA:2,(anonymous_0)
FNDA:1,(anonymous_1)
FNDA:1,(anonymous_2)
FNDA:3,(anonymous_3)
DA:10,2
DA:11,2
DA:17,2
DA:18,2
DA:22,1
DA:27,1
DA:28,1
DA:34,1
DA:40,3
DA:92,3
LF:10
LH:10
BRF:0
BRH:0
end_of_record
TN:
SF:/Users/mulondomoses/Desktop/real/react-fast-food-fast/src/components/auth/login.js
FN:10,(anonymous_0)
FN:20,(anonymous_1)
FN:24,(anonymous_2)
FN:33,(anonymous_3)
FNF:4
FNH:4
FNDA:4,(anonymous_0)
FNDA:1,(anonymous_1)
FNDA:1,(anonymous_2)
FNDA:5,(anonymous_3)
DA:11,4
DA:12,4
DA:16,4
DA:17,4
DA:21,1
DA:25,1
DA:26,1
DA:30,1
DA:35,5
DA:68,5
LF:10
LH:10
BRF:0
BRH:0
end_of_record
TN:
SF:/Users/mulondomoses/Desktop/real/react-fast-food-fast/src/tests/setupTests.js
FNF:0
FNH:0
DA:4,4
LF:1
LH:1
BRF:0
BRH:0
end_of_record
