TN:
SF:/Users/mulondomoses/Desktop/real/react-fast-food-fast/src/actions/signUpAction.js
FN:3,(anonymous_0)
FNF:1
FNH:1
FNDA:1,(anonymous_0)
DA:1,1
DA:3,1
DA:4,1
LF:3
LH:3
BRF:0
BRH:0
end_of_record
TN:
SF:/Users/mulondomoses/Desktop/real/react-fast-food-fast/src/components/auth/Signup.js
FN:9,(anonymous_0)
FN:21,(anonymous_1)
FN:26,(anonymous_2)
FN:40,(anonymous_3)
FNF:4
FNH:4
FNDA:2,(anonymous_0)
FNDA:1,(anonymous_1)
FNDA:1,(anonymous_2)
FNDA:3,(anonymous_3)
DA:10,2
DA:11,2
DA:17,2
DA:18,2
DA:22,1
DA:27,1
DA:28,1
DA:35,1
DA:42,3
DA:94,3
LF:10
LH:10
BRF:0
BRH:0
end_of_record
